<<<<<<< Updated upstream
2017-02-06 11:44:16.976 INFO  Initializing 
2017-02-06 11:44:38.023 ERROR User {"message":"Keys required: [\"_id\"]"} 
2017-02-06 11:44:42.881 ERROR User {"message":"Keys required: [\"_id\"]"} 
2017-02-06 11:56:51.091 ERROR User {"message":"Keys required: [\"_id\"]"} 
2017-02-06 11:59:52.489 ERROR User {"message":"Keys required: [\"_id\"]"} 
2017-02-06 12:03:07.171 INFO  Initializing 
2017-02-06 12:03:41.608 ERROR User {"message":"Keys required: [\"_id\"]"} 
2017-02-06 12:08:00.800 ERROR User {"message":"Keys required: [\"_id\"]"} 
2017-02-06 12:27:03.685 ERROR User {"message":"Keys required: [\"_id\"]"} 
2017-02-06 12:27:22.517 ERROR User {"message":"Keys required: [\"_id\"]"} 
2017-02-06 12:27:29.170 ERROR User {"message":"Keys required: [\"_id\"]"} 
2017-02-06 12:32:35.615 ERROR User {"message":"Keys required: [\"_id\"]"} 
2017-02-06 12:33:02.340 ERROR User {"message":"Keys required: [\"_id\"]"} 
2017-02-06 12:33:07.197 ERROR User {"message":"Keys required: [\"_id\"]"} 
2017-02-06 12:33:41.137 ERROR User {"message":"Keys required: [\"_id\"]"} 
2017-02-06 12:34:45.673 ERROR User {"message":"Keys required: [\"_id\"]"} 
2017-02-06 12:34:53.144 ERROR User {"message":"Keys required: [\"_id\"]"} 
2017-02-06 12:35:04.073 ERROR User {"message":"Keys required: [\"_id\"]"} 
2017-02-06 12:35:17.753 INFO  LEMONWAY REQUEST GetWalletDetails {"wallet":"IMMOCAL","version":"2.0","wlLogin":"adminmb","wlPass":"adminmb","language":"en","walletIp":"104.199.49.172","walletUa":"DiagnosticalNPM"} 
2017-02-06 12:35:18.119 INFO  LEMONWAY RESPONSE GetWalletDetails  SUCCESS {"__type":"WonderLib.GetWalletDetailsResult","WALLET":{"ID":"IMMOCAL","BAL":"0.00","NAME":"Immocal IMMOCAL","EMAIL":"pierre@diagnostical.com","DOCS":[],"IBANS":[],"STATUS":"16","BLOCKED":"0","SDDMANDATES":[],"LWID":"32","CARDS":[{"ID":"10","EXTRA":{"IS3DS":"0","CTRY":"","AUTH":"671575","NUM":"501767XXXXXX6700","EXP":"02/2018","TYP":"CB"}}],"FirstName":"Immocal","LastName":"IMMOCAL","CompanyName":"","CompanyDescription":"","CompanyWebsite":"","isDebtor":"0","payerOrBeneficiary":"0"},"E":null} 
2017-02-06 12:35:18.166 INFO  ORDER PAY-WITH-LW INVOICE-NMBER 1702001 
2017-02-06 12:35:18.167 INFO  LEMONWAY PAYMENT {"cardId":false} 
2017-02-06 12:35:18.168 INFO  LEMONWAY REQUEST GetWalletDetails {"wallet":"IMMOCAL","version":"2.0","wlLogin":"adminmb","wlPass":"adminmb","language":"en","walletIp":"104.199.49.172","walletUa":"DiagnosticalNPM"} 
2017-02-06 12:35:18.410 INFO  LEMONWAY RESPONSE GetWalletDetails  SUCCESS {"__type":"WonderLib.GetWalletDetailsResult","WALLET":{"ID":"IMMOCAL","BAL":"0.00","NAME":"Immocal IMMOCAL","EMAIL":"pierre@diagnostical.com","DOCS":[],"IBANS":[],"STATUS":"16","BLOCKED":"0","SDDMANDATES":[],"LWID":"32","CARDS":[{"ID":"10","EXTRA":{"IS3DS":"0","CTRY":"","AUTH":"671575","NUM":"501767XXXXXX6700","EXP":"02/2018","TYP":"CB"}}],"FirstName":"Immocal","LastName":"IMMOCAL","CompanyName":"","CompanyDescription":"","CompanyWebsite":"","isDebtor":"0","payerOrBeneficiary":"0"},"E":null} 
2017-02-06 12:35:18.412 INFO  LEMONWAY PAYMENT reading CARDS from wallet IMMOCAL 
2017-02-06 12:35:18.412 INFO  LEMONWAY PAYMENT card number belongs to a registered card. 
2017-02-06 12:35:18.412 INFO  LEMONWAY PAYMENT {"cardId":true,"cardId_ok":true} 
2017-02-06 12:35:18.413 INFO  LEMONWAY REQUEST MoneyInWithCardId {"wallet":"IMMOCAL","cardId":"10","amountTot":"170.00","amountCom":"142.80","comment":"House Diagnostic by autoentrepreneur Carlos AutoEntrepreneur SIRET 222222222 through www.diagnostical.fr, Order #1702001","version":"1.1","wlLogin":"adminmb","wlPass":"adminmb","language":"en","walletIp":"104.199.49.172","walletUa":"DiagnosticalNPM"} 
2017-02-06 12:35:20.092 INFO  LEMONWAY RESPONSE MoneyInWithCardId  SUCCESS {"__type":"WonderLib.MoneyInResult","TRANS":{"HPAY":{"ID":"37","MLABEL":"501767XXXXXX6700","DATE":"06/02/2017 13:35:19","SEN":"","REC":"IMMOCAL","DEB":"0.00","CRED":"27.20","COM":"142.80","MSG":"House Diagnostic by autoentrepreneur Carlos AutoEntrepreneur SIRET 222222222 through www.diagnostical.fr, Order #1702001","STATUS":"3","EXTRA":{"IS3DS":"0","CTRY":"","AUTH":"276082","NUM":null,"EXP":null,"TYP":null}}},"E":null} 
2017-02-06 12:35:20.097 INFO  ORDER PAY-WITH-LW MONEY-IN-RESULT {"__type":"WonderLib.MoneyInResult","TRANS":{"HPAY":{"ID":"37","MLABEL":"501767XXXXXX6700","DATE":"06/02/2017 13:35:19","SEN":"","REC":"IMMOCAL","DEB":"0.00","CRED":"27.20","COM":"142.80","MSG":"House Diagnostic by autoentrepreneur Carlos AutoEntrepreneur SIRET 222222222 through www.diagnostical.fr, Order #1702001","STATUS":"3","EXTRA":{"IS3DS":"0","CTRY":"","AUTH":"276082","NUM":null,"EXP":null,"TYP":null}}},"E":null} 
2017-02-06 12:35:20.097 INFO  LEMONWAY PAYMENT CALLBACK? true RES? true 
2017-02-06 12:35:20.097 INFO  ORDER MOVE-TO-PREPAID #1702001 
2017-02-06 12:35:20.138 INFO  ORDER MOVE-TO-PREPAID SUCESS {"status":"prepaid","walletTransId":"37","paidAt":1486384520097,"number":"1702001","updatedAt":"2017-02-06T12:35:20.118Z"} 
2017-02-06 12:35:20.140 INFO  LEMONWAY REQUEST SendPayment {"debitWallet":"IMMOCAL","creditWallet":"GTZ0W","amount":"27.20","message":"Order #1702001","privateData":"{\"orderId\":\"58986b90bc68836c1f1d8d7d\"}","version":"1.0","wlLogin":"adminmb","wlPass":"adminmb","language":"en","walletIp":"104.199.49.172","walletUa":"DiagnosticalNPM"} 
2017-02-06 12:35:20.139 INFO  ORDER P2P LOOK-UP 
2017-02-06 12:35:20.228 INFO  Triggering DIAG_NEW_RDV 
2017-02-06 12:35:20.288 INFO  Triggering ADMIN_ORDER_PAYMENT_SUCCESS 
2017-02-06 12:35:20.292 INFO  Triggering ADMIN_ORDER_PAYMENT_SUCCESS 
2017-02-06 12:35:20.397 INFO  Triggering CLIENT_ORDER_PAYMENT_SUCCESS 
2017-02-06 12:35:20.470 INFO  LEMONWAY RESPONSE SendPayment  API-ERROR {"Error":"userId=GTZ0W","Code":"147","Msg":"Non-existent login","Prio":"2","INT_MSG":null} 
2017-02-06 12:35:20.472 INFO  ORDER P2P-RESULT{"Error":"userId=GTZ0W","Code":"147","Msg":"Non-existent login","Prio":"2","INT_MSG":null} 
2017-02-06 12:35:20.472 ERROR Order {"Error":"userId=GTZ0W","Code":"147","Msg":"Non-existent login","Prio":"2","INT_MSG":null} 
2017-02-06 12:35:20.472 INFO  ORDER PAY-USING-LW SUCCESS  
2017-02-06 13:33:31.016 INFO  Initializing 
2017-02-06 13:35:25.012 INFO  Initializing 
2017-02-06 14:57:48.198 ERROR Order {"message":"ORDER_EXISTS"} 
2017-02-06 15:10:21.362 ERROR Order {"message":"Keys required: [\"_id\"]"} 
2017-02-06 15:15:15.034 INFO  LEMONWAY REQUEST GetWalletDetails {"wallet":"IMMOCAL","version":"2.0","wlLogin":"adminmb","wlPass":"adminmb","language":"en","walletIp":"104.199.49.172","walletUa":"DiagnosticalNPM"} 
2017-02-06 15:15:15.352 INFO  LEMONWAY RESPONSE GetWalletDetails  SUCCESS {"__type":"WonderLib.GetWalletDetailsResult","WALLET":{"ID":"IMMOCAL","BAL":"117.20","NAME":"Immocal IMMOCAL","EMAIL":"pierre@diagnostical.com","DOCS":[],"IBANS":[],"STATUS":"16","BLOCKED":"0","SDDMANDATES":[],"LWID":"32","CARDS":[{"ID":"10","EXTRA":{"IS3DS":"0","CTRY":"","AUTH":"671575","NUM":"501767XXXXXX6700","EXP":"02/2018","TYP":"CB"}}],"FirstName":"Immocal","LastName":"IMMOCAL","CompanyName":"","CompanyDescription":"","CompanyWebsite":"","isDebtor":"0","payerOrBeneficiary":"0"},"E":null} 
2017-02-06 15:15:15.399 INFO  ORDER PAY-WITH-LW INVOICE-NMBER 1702001 
2017-02-06 15:15:15.400 INFO  LEMONWAY PAYMENT {"cardId":false} 
2017-02-06 15:15:15.400 INFO  LEMONWAY REQUEST GetWalletDetails {"wallet":"IMMOCAL","version":"2.0","wlLogin":"adminmb","wlPass":"adminmb","language":"en","walletIp":"104.199.49.172","walletUa":"DiagnosticalNPM"} 
2017-02-06 15:15:15.664 INFO  LEMONWAY RESPONSE GetWalletDetails  SUCCESS {"__type":"WonderLib.GetWalletDetailsResult","WALLET":{"ID":"IMMOCAL","BAL":"117.20","NAME":"Immocal IMMOCAL","EMAIL":"pierre@diagnostical.com","DOCS":[],"IBANS":[],"STATUS":"16","BLOCKED":"0","SDDMANDATES":[],"LWID":"32","CARDS":[{"ID":"10","EXTRA":{"IS3DS":"0","CTRY":"","AUTH":"671575","NUM":"501767XXXXXX6700","EXP":"02/2018","TYP":"CB"}}],"FirstName":"Immocal","LastName":"IMMOCAL","CompanyName":"","CompanyDescription":"","CompanyWebsite":"","isDebtor":"0","payerOrBeneficiary":"0"},"E":null} 
2017-02-06 15:15:15.666 INFO  LEMONWAY PAYMENT reading CARDS from wallet IMMOCAL 
2017-02-06 15:15:15.666 INFO  LEMONWAY PAYMENT card number belongs to a registered card. 
2017-02-06 15:15:15.666 INFO  LEMONWAY PAYMENT {"cardId":true,"cardId_ok":true} 
2017-02-06 15:15:15.667 INFO  LEMONWAY REQUEST MoneyInWithCardId {"wallet":"IMMOCAL","cardId":"10","amountTot":"60.00","amountCom":"50.40","comment":"House Diagnostic by autoentrepreneur Carlos AutoEntrepreneur SIRET 222222222 through www.diagnostical.fr, Order #1702001","version":"1.1","wlLogin":"adminmb","wlPass":"adminmb","language":"en","walletIp":"104.199.49.172","walletUa":"DiagnosticalNPM"} 
2017-02-06 15:15:17.042 INFO  LEMONWAY RESPONSE MoneyInWithCardId  SUCCESS {"__type":"WonderLib.MoneyInResult","TRANS":{"HPAY":{"ID":"41","MLABEL":"501767XXXXXX6700","DATE":"06/02/2017 16:15:16","SEN":"","REC":"IMMOCAL","DEB":"0.00","CRED":"9.60","COM":"50.40","MSG":"House Diagnostic by autoentrepreneur Carlos AutoEntrepreneur SIRET 222222222 through www.diagnostical.fr, Order #1702001","STATUS":"3","EXTRA":{"IS3DS":"0","CTRY":"","AUTH":"513212","NUM":null,"EXP":null,"TYP":null}}},"E":null} 
2017-02-06 15:15:17.048 INFO  ORDER PAY-WITH-LW MONEY-IN-RESULT {"__type":"WonderLib.MoneyInResult","TRANS":{"HPAY":{"ID":"41","MLABEL":"501767XXXXXX6700","DATE":"06/02/2017 16:15:16","SEN":"","REC":"IMMOCAL","DEB":"0.00","CRED":"9.60","COM":"50.40","MSG":"House Diagnostic by autoentrepreneur Carlos AutoEntrepreneur SIRET 222222222 through www.diagnostical.fr, Order #1702001","STATUS":"3","EXTRA":{"IS3DS":"0","CTRY":"","AUTH":"513212","NUM":null,"EXP":null,"TYP":null}}},"E":null} 
2017-02-06 15:15:17.047 INFO  LEMONWAY PAYMENT CALLBACK? true RES? true 
2017-02-06 15:15:17.048 INFO  ORDER MOVE-TO-PREPAID #1702001 
2017-02-06 15:15:17.091 INFO  ORDER MOVE-TO-PREPAID SUCESS {"status":"prepaid","walletTransId":"41","paidAt":1486394117048,"number":"1702001","updatedAt":"2017-02-06T15:15:17.069Z"} 
2017-02-06 15:15:17.094 INFO  LEMONWAY REQUEST SendPayment {"debitWallet":"IMMOCAL","creditWallet":"GTZ0W","amount":"9.60","message":"Order #1702001","privateData":"{\"orderId\":\"589892e9e268ab72291fe789\"}","version":"1.0","wlLogin":"adminmb","wlPass":"adminmb","language":"en","walletIp":"104.199.49.172","walletUa":"DiagnosticalNPM"} 
2017-02-06 15:15:17.093 INFO  ORDER P2P LOOK-UP 
2017-02-06 15:15:17.231 INFO  Triggering DIAG_NEW_RDV 
2017-02-06 15:15:17.277 INFO  Triggering ADMIN_ORDER_PAYMENT_SUCCESS 
2017-02-06 15:15:17.281 INFO  Triggering ADMIN_ORDER_PAYMENT_SUCCESS 
2017-02-06 15:15:17.424 INFO  Triggering CLIENT_ORDER_PAYMENT_SUCCESS 
2017-02-06 15:15:17.440 INFO  LEMONWAY RESPONSE SendPayment  API-ERROR {"Error":"userId=GTZ0W","Code":"147","Msg":"Non-existent login","Prio":"2","INT_MSG":null} 
2017-02-06 15:15:17.442 INFO  ORDER P2P-RESULT{"Error":"userId=GTZ0W","Code":"147","Msg":"Non-existent login","Prio":"2","INT_MSG":null} 
2017-02-06 15:15:17.442 ERROR Order {"Error":"userId=GTZ0W","Code":"147","Msg":"Non-existent login","Prio":"2","INT_MSG":null} 
2017-02-06 15:15:17.442 INFO  ORDER PAY-USING-LW SUCCESS  
2017-02-06 15:19:25.074 INFO  Initializing 
2017-02-06 15:20:12.736 ERROR Order {"message":"Order already paid."} 
=======
2017-01-17 15:49:57.233 INFO  Initializing 
2017-01-17 15:50:42.016 INFO  ROUTING to reportNotFound 
2017-01-17 15:50:42.492 INFO  ROUTING to reportNotFound 
2017-01-17 15:50:43.495 INFO  ROUTING to reportNotFound 
2017-01-17 15:50:44.611 INFO  ROUTING to reportNotFound 
2017-01-17 15:50:45.006 INFO  ROUTING to reportNotFound 
2017-01-17 15:50:45.228 INFO  ROUTING to reportNotFound 
2017-01-17 15:50:45.454 INFO  ROUTING to reportNotFound 
2017-01-17 15:50:45.697 INFO  ROUTING to reportNotFound 
2017-01-17 15:51:35.666 INFO  ROUTING to departmentCoveredBy 
2017-01-17 15:51:51.724 INFO  ROUTING to departmentCoveredBy 
2017-01-17 15:53:01.929 INFO  ROUTING to exists 
2017-01-17 15:53:02.496 INFO  ROUTING to createClient 
2017-01-17 15:53:02.499 INFO  LEMONWAY REQUEST RegisterWallet {"clientMail":"enterprise@fake.com","clientFirstName":"MyPassIsClient","clientLastName":"Enterpizza","postCode":"75008","mobileNumber":"00347589285","isCompany":"1","companyName":"Enterpizza","companyIdentificationNumber":"45555555555566","wallet":"DST3G","version":"1.1","wlLogin":"pierre@diagnostical.fr","wlPass":"pierre@diagnostical.fr","language":"en","walletIp":"104.199.73.19","walletUa":"DiagnosticalNPM"} 
2017-01-17 15:53:02.891 INFO  LEMONWAY RESPONSE RegisterWallet  SUCCESS {"__type":"WonderLib.RegisterWalletResult","WALLET":{"ID":"DST3G","LWID":"13814"},"E":null} 
2017-01-17 15:53:02.894 INFO  LEMONWAY WALLET (automatic registration before saving user)DST3G 
2017-01-17 15:53:02.893 INFO  LEMONWAY WALLET manual registrationenterprise@fake.com 
2017-01-17 15:53:03.059 INFO  ROUTING to departmentCoveredBy 
2017-01-17 15:53:03.217 INFO  ROUTING to saveWithEmail 
2017-01-17 15:53:29.290 INFO  ROUTING to update 
2017-01-17 15:53:34.677 INFO  ROUTING to update 
2017-01-17 15:53:39.221 INFO  ROUTING to update 
2017-01-17 15:53:44.654 INFO  ROUTING to update 
2017-01-17 15:53:49.657 INFO  ROUTING to update 
2017-01-17 15:53:54.229 INFO  ROUTING to update 
2017-01-17 15:53:59.219 INFO  ROUTING to update 
2017-01-17 15:53:59.554 INFO  ROUTING to update 
2017-01-17 15:54:02.463 INFO  ROUTING to createUpdate 
2017-01-17 15:54:03.275 INFO  ROUTING to LANDLORD_ORDER_PAYMENT_DELEGATED 
2017-01-17 15:54:08.204 INFO  ROUTING to update 
2017-01-17 15:54:09.687 INFO  ROUTING to update 
2017-01-17 15:54:31.284 INFO  ROUTING to balance 
2017-01-17 15:54:31.310 INFO  ROUTING to general 
2017-02-08 16:48:16.344 INFO  Initializing 
2017-02-09 07:51:52.331 INFO  Initializing 
2017-02-09 08:01:58.609 INFO  Initializing 
2017-02-09 08:04:02.978 INFO  Initializing 
2017-02-11 23:27:45.711 INFO  Initializing 
2017-02-13 08:31:25.883 INFO  Initializing 
>>>>>>> Stashed changes
2017-02-13 08:41:01.444 INFO  Initializing 
2017-02-27 20:57:27.820 INFO  Initializing 
2017-03-04 10:09:17.285 INFO  LEMONWAY REQUEST RegisterWallet {"clientMail":"","wallet":"7F8Q9","version":"1.1","wlLogin":"adminmb","wlPass":"adminmb","language":"en","walletIp":"23.251.143.239","walletUa":"DiagnosticalNPM"} 
2017-03-04 10:09:18.406 INFO  LEMONWAY RESPONSE RegisterWallet  API-ERROR {"Error":"EMAIL=''","Code":"178","Msg":"Wrong email format","Prio":"2","INT_MSG":null} 
2017-03-04 10:09:18.420 ERROR LEMONWAY WALLET (automatic registration before saving user){"Error":"EMAIL=''","Code":"178","Msg":"Wrong email format","Prio":"2","INT_MSG":null} 
2017-03-04 10:47:22.206 INFO  LEMONWAY REQUEST RegisterWallet {"clientMail":"asd@fake.com","clientFirstName":"123","clientLastName":"123","postCode":"75001","mobileNumber":"1231231233","wallet":"J4NOQ","version":"1.1","wlLogin":"adminmb","wlPass":"adminmb","language":"en","walletIp":"23.251.143.239","walletUa":"DiagnosticalNPM"} 
2017-03-04 10:47:22.565 INFO  LEMONWAY RESPONSE RegisterWallet  API-ERROR {"Error":"FIRST_NAME='123'","Code":"252","Msg":"Please send real first and last names (different and with more than 1 character)","Prio":"2","INT_MSG":null} 
2017-03-04 10:47:22.578 ERROR LEMONWAY WALLET (automatic registration before saving user){"Error":"FIRST_NAME='123'","Code":"252","Msg":"Please send real first and last names (different and with more than 1 character)","Prio":"2","INT_MSG":null} 
2017-03-04 10:49:30.835 INFO  LEMONWAY REQUEST RegisterWallet {"clientMail":"asd@fake.com","clientFirstName":"123","clientLastName":"123","postCode":"75001","mobileNumber":"1231231233","wallet":"YOI7I","version":"1.1","wlLogin":"adminmb","wlPass":"adminmb","language":"en","walletIp":"23.251.143.239","walletUa":"DiagnosticalNPM"} 
2017-03-04 10:49:31.140 INFO  LEMONWAY RESPONSE RegisterWallet  API-ERROR {"Error":"FIRST_NAME='123'","Code":"252","Msg":"Please send real first and last names (different and with more than 1 character)","Prio":"2","INT_MSG":null} 
2017-03-04 10:49:31.151 ERROR LEMONWAY WALLET (automatic registration before saving user){"Error":"FIRST_NAME='123'","Code":"252","Msg":"Please send real first and last names (different and with more than 1 character)","Prio":"2","INT_MSG":null} 
2017-03-04 10:49:48.782 INFO  LEMONWAY REQUEST RegisterWallet {"clientMail":"asd@fake.com","clientFirstName":"123","clientLastName":"123","postCode":"75001","mobileNumber":"1231231233","wallet":"XQC8I","version":"1.1","wlLogin":"adminmb","wlPass":"adminmb","language":"en","walletIp":"23.251.143.239","walletUa":"DiagnosticalNPM"} 
2017-03-04 10:49:49.043 INFO  LEMONWAY RESPONSE RegisterWallet  API-ERROR {"Error":"FIRST_NAME='123'","Code":"252","Msg":"Please send real first and last names (different and with more than 1 character)","Prio":"2","INT_MSG":null} 
2017-03-04 10:49:49.045 ERROR LEMONWAY WALLET (automatic registration before saving user){"Error":"FIRST_NAME='123'","Code":"252","Msg":"Please send real first and last names (different and with more than 1 character)","Prio":"2","INT_MSG":null} 
2017-03-04 10:50:08.909 INFO  LEMONWAY REQUEST RegisterWallet {"clientMail":"asd@fake.com","clientFirstName":"123","clientLastName":"123","postCode":"75001","mobileNumber":"1231231233","wallet":"DBVYC","version":"1.1","wlLogin":"adminmb","wlPass":"adminmb","language":"en","walletIp":"23.251.143.239","walletUa":"DiagnosticalNPM"} 
2017-03-04 10:50:09.144 INFO  LEMONWAY RESPONSE RegisterWallet  API-ERROR {"Error":"FIRST_NAME='123'","Code":"252","Msg":"Please send real first and last names (different and with more than 1 character)","Prio":"2","INT_MSG":null} 
2017-03-04 10:50:09.146 ERROR LEMONWAY WALLET (automatic registration before saving user){"Error":"FIRST_NAME='123'","Code":"252","Msg":"Please send real first and last names (different and with more than 1 character)","Prio":"2","INT_MSG":null} 
2017-03-04 10:50:54.847 INFO  LEMONWAY REQUEST RegisterWallet {"clientMail":"123@fake.com","clientFirstName":"123","clientLastName":"123","mobileNumber":"123123123123","wallet":"3SAF9","version":"1.1","wlLogin":"adminmb","wlPass":"adminmb","language":"en","walletIp":"23.251.143.239","walletUa":"DiagnosticalNPM"} 
2017-03-04 10:50:55.151 INFO  LEMONWAY RESPONSE RegisterWallet  API-ERROR {"Error":"FIRST_NAME='123'","Code":"252","Msg":"Please send real first and last names (different and with more than 1 character)","Prio":"2","INT_MSG":null} 
2017-03-04 10:50:55.153 ERROR LEMONWAY WALLET (automatic registration before saving user){"Error":"FIRST_NAME='123'","Code":"252","Msg":"Please send real first and last names (different and with more than 1 character)","Prio":"2","INT_MSG":null} 
2017-03-04 10:52:42.575 INFO  LEMONWAY REQUEST RegisterWallet {"clientMail":"123@fake.com","clientFirstName":"Mario","clientLastName":"Campos","mobileNumber":"123123123123","wallet":"6CD0H","version":"1.1","wlLogin":"adminmb","wlPass":"adminmb","language":"en","walletIp":"23.251.143.239","walletUa":"DiagnosticalNPM"} 
2017-03-04 10:52:42.969 INFO  LEMONWAY RESPONSE RegisterWallet  SUCCESS {"__type":"WonderLib.RegisterWalletResult","WALLET":{"ID":"6CD0H","LWID":"49"},"E":null} 
2017-03-04 10:52:42.981 INFO  LEMONWAY WALLET manual registration123@fake.com 
2017-03-04 10:52:43.004 INFO  LEMONWAY REQUEST UpdateWalletDetails {"wallet":"6CD0H","newEmail":"123@fake.com","newFirstName":"Mario","newLastName":"Campos","newIsCompany":"0","version":"1.0","wlLogin":"adminmb","wlPass":"adminmb","language":"en","walletIp":"23.251.143.239","walletUa":"DiagnosticalNPM"} 
2017-03-04 10:52:43.363 INFO  LEMONWAY RESPONSE UpdateWalletDetails  SUCCESS {"__type":"WonderLib.UpdateWalletDetailsResult","WALLET":{"ID":"6CD0H","LWID":"49"},"E":null} 
