0 info it worked if it ends with ok
1 verbose cli [ '/usr/local/bin/node', '/usr/local/bin/npm', 'start' ]
2 info using npm@3.7.3
3 info using node@v5.9.0
4 verbose run-script [ 'prestart', 'start', 'poststart' ]
5 info lifecycle diags-project-frontend@1.0.0~prestart: diags-project-frontend@1.0.0
6 silly lifecycle diags-project-frontend@1.0.0~prestart: no script for prestart, continuing
7 info lifecycle diags-project-frontend@1.0.0~start: diags-project-frontend@1.0.0
8 verbose lifecycle diags-project-frontend@1.0.0~start: unsafe-perm in lifecycle true
9 verbose lifecycle diags-project-frontend@1.0.0~start: PATH: /usr/local/lib/node_modules/npm/bin/node-gyp-bin:/git/diags-front/node_modules/.bin:/usr/local/bin:/usr/local/sbin:/usr/local/bin:/usr/sbin:/usr/bin:/sbin:/bin
10 verbose lifecycle diags-project-frontend@1.0.0~start: CWD: /git/diags-front
11 silly lifecycle diags-project-frontend@1.0.0~start: Args: [ '-c', 'heroku local web' ]
12 silly lifecycle diags-project-frontend@1.0.0~start: Returned: code: 1  signal: null
13 info lifecycle diags-project-frontend@1.0.0~start: Failed to exec start script
14 verbose stack Error: diags-project-frontend@1.0.0 start: `heroku local web`
14 verbose stack Exit status 1
14 verbose stack     at EventEmitter.<anonymous> (/usr/local/lib/node_modules/npm/lib/utils/lifecycle.js:239:16)
14 verbose stack     at emitTwo (events.js:100:13)
14 verbose stack     at EventEmitter.emit (events.js:185:7)
14 verbose stack     at ChildProcess.<anonymous> (/usr/local/lib/node_modules/npm/lib/utils/spawn.js:24:14)
14 verbose stack     at emitTwo (events.js:100:13)
14 verbose stack     at ChildProcess.emit (events.js:185:7)
14 verbose stack     at maybeClose (internal/child_process.js:850:16)
14 verbose stack     at Process.ChildProcess._handle.onexit (internal/child_process.js:215:5)
15 verbose pkgid diags-project-frontend@1.0.0
16 verbose cwd /git/diags-front
17 error Linux 4.1.19-boot2docker
18 error argv "/usr/local/bin/node" "/usr/local/bin/npm" "start"
19 error node v5.9.0
20 error npm  v3.7.3
21 error code ELIFECYCLE
22 error diags-project-frontend@1.0.0 start: `heroku local web`
22 error Exit status 1
23 error Failed at the diags-project-frontend@1.0.0 start script 'heroku local web'.
23 error Make sure you have the latest version of node.js and npm installed.
23 error If you do, this is most likely a problem with the diags-project-frontend package,
23 error not with npm itself.
23 error Tell the author that this fails on your system:
23 error     heroku local web
23 error You can get information on how to open an issue for this project with:
23 error     npm bugs diags-project-frontend
23 error Or if that isn't available, you can get their info via:
23 error     npm owner ls diags-project-frontend
23 error There is likely additional logging output above.
24 verbose exit [ 1, true ]
